2026-04-15 18:00:36,607 ИНФО Запуск spot-бота Binance. Режим: РЕАЛЬНЫЙ.
2026-04-15 18:00:37,696 ИНФО Загружено активных spot-символов с USDT: 20.
2026-04-15 18:00:37,697 ИНФО Сканирование символов: 20. Открытых позиций: 0
2026-04-15 18:00:45,925 ИНФО Найдено сигналов: buy=0 sell=0
2026-04-15 18:03:45,989 ИНФО Сканирование символов: 20. Открытых позиций: 0
2026-04-15 18:03:54,762 ИНФО Найдено сигналов: buy=0 sell=0
2026-04-15 18:06:54,819 ИНФО Сканирование символов: 20. Открытых позиций: 0
2026-04-15 18:07:03,058 ИНФО Найдено сигналов: buy=0 sell=0
2026-04-15 18:10:03,112 ИНФО Сканирование символов: 20. Открытых позиций: 0
2026-04-15 18:10:11,398 ИНФО Найдено сигналов: buy=0 sell=0
2026-04-15 18:13:11,454 ИНФО Сканирование символов: 20. Открытых позиций: 0
2026-04-15 18:13:20,143 ИНФО Найдено сигналов: buy=0 sell=0
2026-04-15 18:16:20,213 ИНФО Сканирование символов: 20. Открытых позиций: 0
2026-04-15 18:16:28,886 ИНФО Найдено сигналов: buy=0 sell=0
2026-04-15 18:19:28,947 ИНФО Сканирование символов: 20. Открытых позиций: 0
2026-04-15 18:19:37,634 ИНФО Найдено сигналов: buy=0 sell=0
2026-04-15 18:20:04,074 ИНФО Получен сигнал остановки. Завершаю текущий шаг.
2026-04-15 18:20:04,644 ИНФО Бот остановлен.
2026-04-15 18:20:09,568 ИНФО Запуск Binance USDT-M Futures бота. Режим: РЕАЛЬНЫЙ. Endpoint: https://demo-fapi.binance.com/fapi
2026-04-15 18:20:12,271 ИНФО Загружено активных USDT-M perpetual символов: 20.
2026-04-15 18:20:12,601 ИНФО Сканирование futures-символов: 20. Открытых позиций: 0
2026-04-15 18:20:21,507 ИНФО Найдено сигналов: открыть=0 закрыть=0
2026-04-15 18:23:22,653 ИНФО Сканирование futures-символов: 20. Открытых позиций: 0
2026-04-15 18:23:31,628 ИНФО Найдено сигналов: открыть=0 закрыть=0
2026-04-15 18:26:32,760 ИНФО Сканирование futures-символов: 20. Открытых позиций: 0
2026-04-15 18:26:41,082 ИНФО Найдено сигналов: открыть=0 закрыть=0
2026-04-15 18:28:52,466 ИНФО Получен сигнал остановки. Завершаю текущий шаг.
2026-04-15 18:28:53,126 ИНФО Бот остановлен.
2026-04-15 18:28:55,475 ИНФО Запуск Binance USDT-M Futures бота. Режим: РЕАЛЬНЫЙ. Endpoint: https://demo-fapi.binance.com/fapi
2026-04-15 18:28:58,540 ИНФО Отбор futures-символов: найдено подходящих=526, сканируется=20, MAX_SYMBOLS=20, SYMBOL_SELECTION=volume.
2026-04-15 18:28:58,541 ИНФО Почему они сканируются: status=TRADING, contractType=PERPETUAL, quoteAsset=USDT, marginAsset=USDT; исключены стейблкоины/фиат и UP/DOWN/BULL/BEAR токены.
2026-04-15 18:28:58,541 ИНФО Если MAX_SYMBOLS > 0, выбираются самые ликвидные по 24h quoteVolume.
2026-04-15 18:28:58,541 ИНФО Список символов для сканирования: BTCUSDT, ETHUSDT, DOGEUSDT, BCHUSDT, XRPUSDT, BNBUSDT, PUFFERUSDT, QUICKUSDT, LRCUSDT, MYROUSDT, ARIAUSDT, FORTHUSDT, BIDUSDT, VOXELUSDT, GHSTUSDT, DMCUSDT, FISUSDT, RAVEUSDT, CUDISUSDT, APRUSDT
2026-04-15 18:28:58,542 ИНФО Почему остальные символы не попали в скан: baseAsset стейбл/фиат: 1; contractType не PERPETUAL: 21; quoteAsset не USDT: 38; status не TRADING: 117; токен с суффиксом UP/DOWN/BULL/BEAR: 2
2026-04-15 18:28:58,875 ИНФО Загружено активных USDT-M perpetual символов: 20.
2026-04-15 18:28:59,208 ИНФО Сканирование futures-символов: 20. Открытых позиций: 0
2026-04-15 18:28:59,209 ИНФО Монеты текущего скана: BTCUSDT, ETHUSDT, DOGEUSDT, BCHUSDT, XRPUSDT, BNBUSDT, PUFFERUSDT, QUICKUSDT, LRCUSDT, MYROUSDT, ARIAUSDT, FORTHUSDT, BIDUSDT, VOXELUSDT, GHSTUSDT, DMCUSDT, FISUSDT, RAVEUSDT, CUDISUSDT, APRUSDT
2026-04-15 18:28:59,548 ИНФО BTCUSDT: позиция не открыта. цена=74254.1, change=0.01%, RSI=51.2, EMA_FAST=74251.69167353, EMA_SLOW=74252.26399156, volume/avg=0.01. LONG нет: рост 0.01% < порога 0.80%; нет EMA-тренда вверх; объем 0.01 < порога 1.50. SHORT нет: падение 0.01% слабее порога -0.80%; нет EMA-тренда вниз; объем 0.01 < порога 1.50; RSI 51.2 выше SHORT-порога 45.0
2026-04-15 18:28:59,959 ИНФО ETHUSDT: позиция не открыта. цена=2331.32, change=0.15%, RSI=55.4, EMA_FAST=2329.74708326, EMA_SLOW=2329.91212053, volume/avg=0.01. LONG нет: рост 0.15% < порога 0.80%; нет EMA-тренда вверх; объем 0.01 < порога 1.50. SHORT нет: падение 0.15% слабее порога -0.80%; нет EMA-тренда вниз; объем 0.01 < порога 1.50; RSI 55.4 выше SHORT-порога 45.0
2026-04-15 18:29:00,371 ИНФО DOGEUSDT: позиция не открыта. цена=0.09356, change=0.18%, RSI=64.3, EMA_FAST=0.09346212, EMA_SLOW=0.09343293, volume/avg=0.00. LONG нет: рост 0.18% < порога 0.80%; объем 0.00 < порога 1.50. SHORT нет: падение 0.18% слабее порога -0.80%; нет EMA-тренда вниз; объем 0.00 < порога 1.50; RSI 64.3 выше SHORT-порога 45.0
2026-04-15 18:29:00,785 ИНФО BCHUSDT: позиция не открыта. цена=434.19, change=0.09%, RSI=51.9, EMA_FAST=434.01271232, EMA_SLOW=434.06375134, volume/avg=0.00. LONG нет: рост 0.09% < порога 0.80%; нет EMA-тренда вверх; объем 0.00 < порога 1.50. SHORT нет: падение 0.09% слабее порога -0.80%; нет EMA-тренда вниз; объем 0.00 < порога 1.50; RSI 51.9 выше SHORT-порога 45.0
2026-04-15 18:29:01,196 ИНФО XRPUSDT: позиция не открыта. цена=1.3669, change=0.19%, RSI=70.2, EMA_FAST=1.36518997, EMA_SLOW=1.36475224, volume/avg=0.01. LONG нет: рост 0.19% < порога 0.80%; объем 0.01 < порога 1.50. SHORT нет: падение 0.19% слабее порога -0.80%; нет EMA-тренда вниз; объем 0.01 < порога 1.50; RSI 70.2 выше SHORT-порога 45.0
2026-04-15 18:29:01,607 ИНФО BNBUSDT: позиция не открыта. цена=619.23, change=0.08%, RSI=64.5, EMA_FAST=619.00281042, EMA_SLOW=618.85231030, volume/avg=1.37. LONG нет: рост 0.08% < порога 0.80%; объем 1.37 < порога 1.50. SHORT нет: падение 0.08% слабее порога -0.80%; нет EMA-тренда вниз; объем 1.37 < порога 1.50; RSI 64.5 выше SHORT-порога 45.0
2026-04-15 18:29:02,019 ИНФО PUFFERUSDT: позиция не открыта. цена=0.02696, change=0.19%, RSI=53.5, EMA_FAST=0.02693484, EMA_SLOW=0.02685717, volume/avg=0.00. LONG нет: рост 0.19% < порога 0.80%; объем 0.00 < порога 1.50. SHORT нет: падение 0.19% слабее порога -0.80%; нет EMA-тренда вниз; объем 0.00 < порога 1.50; RSI 53.5 выше SHORT-порога 45.0
2026-04-15 18:29:02,433 ИНФО QUICKUSDT: позиция не открыта. цена=0.01165, change=0.60%, RSI=78.2, EMA_FAST=0.01157314, EMA_SLOW=0.01152344, volume/avg=1.42. LONG нет: рост 0.60% < порога 0.80%; объем 1.42 < порога 1.50; RSI 78.2 вне диапазона LONG 50.0-72.0. SHORT нет: падение 0.60% слабее порога -0.80%; нет EMA-тренда вниз; объем 1.42 < порога 1.50; RSI 78.2 выше SHORT-порога 45.0
2026-04-15 18:29:02,846 ИНФО LRCUSDT: позиция не открыта. цена=0.01701, change=-0.18%, RSI=50.8, EMA_FAST=0.01701401, EMA_SLOW=0.01700837, volume/avg=0.73. LONG нет: рост -0.18% < порога 0.80%; нет EMA-тренда вверх; объем 0.73 < порога 1.50. SHORT нет: падение -0.18% слабее порога -0.80%; нет EMA-тренда вниз; объем 0.73 < порога 1.50; RSI 50.8 выше SHORT-порога 45.0
2026-04-15 18:29:03,588 ИНФО MYROUSDT: позиция не открыта. цена=0.00379, change=0.26%, RSI=59.9, EMA_FAST=0.00378403, EMA_SLOW=0.00378271, volume/avg=0.94. LONG нет: рост 0.26% < порога 0.80%; объем 0.94 < порога 1.50. SHORT нет: падение 0.26% слабее порога -0.80%; нет EMA-тренда вниз; объем 0.94 < порога 1.50; RSI 59.9 выше SHORT-порога 45.0
2026-04-15 18:29:04,000 ИНФО ARIAUSDT: позиция не открыта. цена=0.1132, change=0.05%, RSI=51.0, EMA_FAST=0.11296533, EMA_SLOW=0.11304133, volume/avg=0.07. LONG нет: рост 0.05% < порога 0.80%; нет EMA-тренда вверх; объем 0.07 < порога 1.50. SHORT нет: падение 0.05% слабее порога -0.80%; нет EMA-тренда вниз; объем 0.07 < порога 1.50; RSI 51.0 выше SHORT-порога 45.0
2026-04-15 18:29:04,421 ИНФО FORTHUSDT: позиция не открыта. цена=0.273, change=0.00%, RSI=55.3, EMA_FAST=0.27248370, EMA_SLOW=0.27240236, volume/avg=0.94. LONG нет: рост 0.00% < порога 0.80%; объем 0.94 < порога 1.50. SHORT нет: падение 0.00% слабее порога -0.80%; нет EMA-тренда вниз; объем 0.94 < порога 1.50; RSI 55.3 выше SHORT-порога 45.0
2026-04-15 18:29:04,832 ИНФО BIDUSDT: позиция не открыта. цена=0.00878, change=-0.11%, RSI=49.6, EMA_FAST=0.00878354, EMA_SLOW=0.00878214, volume/avg=1.01. LONG нет: рост -0.11% < порога 0.80%; нет EMA-тренда вверх; объем 1.01 < порога 1.50; RSI 49.6 вне диапазона LONG 50.0-72.0. SHORT нет: падение -0.11% слабее порога -0.80%; нет EMA-тренда вниз; объем 1.01 < порога 1.50; RSI 49.6 выше SHORT-порога 45.0
2026-04-15 18:29:05,244 ИНФО VOXELUSDT: позиция не открыта. цена=0.01299, change=0.08%, RSI=52.8, EMA_FAST=0.01298738, EMA_SLOW=0.01298396, volume/avg=0.88. LONG нет: рост 0.08% < порога 0.80%; объем 0.88 < порога 1.50. SHORT нет: падение 0.08% слабее порога -0.80%; нет EMA-тренда вниз; объем 0.88 < порога 1.50; RSI 52.8 выше SHORT-порога 45.0
2026-04-15 18:29:05,655 ИНФО GHSTUSDT: позиция не открыта. цена=0.1043, change=0.00%, RSI=47.7, EMA_FAST=0.10430141, EMA_SLOW=0.10432311, volume/avg=0.90. LONG нет: рост 0.00% < порога 0.80%; нет EMA-тренда вверх; объем 0.90 < порога 1.50; RSI 47.7 вне диапазона LONG 50.0-72.0. SHORT нет: падение 0.00% слабее порога -0.80%; объем 0.90 < порога 1.50; RSI 47.7 выше SHORT-порога 45.0
2026-04-15 18:29:06,071 ИНФО DMCUSDT: позиция не открыта. цена=0.001155, change=0.00%, RSI=100.0, EMA_FAST=0.00115500, EMA_SLOW=0.00115500, volume/avg=1.42. LONG нет: рост 0.00% < порога 0.80%; нет EMA-тренда вверх; объем 1.42 < порога 1.50; RSI 100.0 вне диапазона LONG 50.0-72.0. SHORT нет: падение 0.00% слабее порога -0.80%; нет EMA-тренда вниз; объем 1.42 < порога 1.50; RSI 100.0 выше SHORT-порога 45.0
2026-04-15 18:29:06,484 ИНФО FISUSDT: позиция не открыта. цена=0.01876, change=0.00%, RSI=46.3, EMA_FAST=0.01876086, EMA_SLOW=0.01876149, volume/avg=1.24. LONG нет: рост 0.00% < порога 0.80%; нет EMA-тренда вверх; объем 1.24 < порога 1.50; RSI 46.3 вне диапазона LONG 50.0-72.0. SHORT нет: падение 0.00% слабее порога -0.80%; объем 1.24 < порога 1.50; RSI 46.3 выше SHORT-порога 45.0
2026-04-15 18:29:06,896 ИНФО RAVEUSDT: позиция не открыта. цена=11.67896, change=-1.18%, RSI=38.9, EMA_FAST=11.77811621, EMA_SLOW=11.86526241, volume/avg=0.36. LONG нет: рост -1.18% < порога 0.80%; нет EMA-тренда вверх; объем 0.36 < порога 1.50; RSI 38.9 вне диапазона LONG 50.0-72.0. SHORT нет: объем 0.36 < порога 1.50
2026-04-15 18:29:07,306 ИНФО CUDISUSDT: позиция не открыта. цена=0.00842, change=0.00%, RSI=54.2, EMA_FAST=0.00841578, EMA_SLOW=0.00841389, volume/avg=0.88. LONG нет: рост 0.00% < порога 0.80%; объем 0.88 < порога 1.50. SHORT нет: падение 0.00% слабее порога -0.80%; нет EMA-тренда вниз; объем 0.88 < порога 1.50; RSI 54.2 выше SHORT-порога 45.0
2026-04-15 18:29:07,724 ИНФО APRUSDT: позиция не открыта. цена=0.234, change=0.59%, RSI=59.4, EMA_FAST=0.23272125, EMA_SLOW=0.23245619, volume/avg=1.97. LONG нет: рост 0.59% < порога 0.80%. SHORT нет: падение 0.59% слабее порога -0.80%; нет EMA-тренда вниз; RSI 59.4 выше SHORT-порога 45.0
2026-04-15 18:29:07,805 ИНФО Найдено сигналов: открыть=0 закрыть=0
2026-04-15 18:29:07,805 ИНФО Позиция не открыта: ни один символ не прошел полный набор условий стратегии.
2026-04-15 18:32:08,958 ИНФО Сканирование futures-символов: 20. Открытых позиций: 0
2026-04-15 18:32:08,959 ИНФО Монеты текущего скана: BTCUSDT, ETHUSDT, DOGEUSDT, BCHUSDT, XRPUSDT, BNBUSDT, PUFFERUSDT, QUICKUSDT, LRCUSDT, MYROUSDT, ARIAUSDT, FORTHUSDT, BIDUSDT, VOXELUSDT, GHSTUSDT, DMCUSDT, FISUSDT, RAVEUSDT, CUDISUSDT, APRUSDT
2026-04-15 18:32:09,293 ИНФО BTCUSDT: позиция не открыта. цена=74238.9, change=-0.02%, RSI=44.5, EMA_FAST=74257.20570944, EMA_SLOW=74255.36525449, volume/avg=3.71. LONG нет: рост -0.02% < порога 0.80%; нет EMA-тренда вверх; RSI 44.5 вне диапазона LONG 50.0-72.0. SHORT нет: падение -0.02% слабее порога -0.80%; нет EMA-тренда вниз
2026-04-15 18:32:09,710 ИНФО ETHUSDT: позиция не открыта. цена=2325.55, change=-0.28%, RSI=35.0, EMA_FAST=2329.49498131, EMA_SLOW=2329.83518298, volume/avg=5.73. LONG нет: рост -0.28% < порога 0.80%; нет EMA-тренда вверх; RSI 35.0 вне диапазона LONG 50.0-72.0. SHORT нет: падение -0.28% слабее порога -0.80%
2026-04-15 18:32:10,125 ИНФО DOGEUSDT: позиция не открыта. цена=0.09326, change=-0.33%, RSI=35.2, EMA_FAST=0.09344256, EMA_SLOW=0.09343645, volume/avg=8.31. LONG нет: рост -0.33% < порога 0.80%; нет EMA-тренда вверх; RSI 35.2 вне диапазона LONG 50.0-72.0. SHORT нет: падение -0.33% слабее порога -0.80%; нет EMA-тренда вниз
2026-04-15 18:32:10,542 ИНФО BCHUSDT: позиция не открыта. цена=433.24, change=-0.22%, RSI=31.4, EMA_FAST=433.93563897, EMA_SLOW=434.02203132, volume/avg=5.50. LONG нет: рост -0.22% < порога 0.80%; нет EMA-тренда вверх; RSI 31.4 вне диапазона LONG 50.0-72.0. SHORT нет: падение -0.22% слабее порога -0.80%
2026-04-15 18:32:10,956 ИНФО XRPUSDT: позиция не открыта. цена=1.3654, change=-0.10%, RSI=51.8, EMA_FAST=1.36594501, EMA_SLOW=1.36532089, volume/avg=11.72. LONG нет: рост -0.10% < порога 0.80%; нет EMA-тренда вверх. SHORT нет: падение -0.10% слабее порога -0.80%; нет EMA-тренда вниз; RSI 51.8 выше SHORT-порога 45.0
2026-04-15 18:32:11,372 ИНФО BNBUSDT: позиция не открыта. цена=617.8, change=-0.25%, RSI=30.3, EMA_FAST=618.83807915, EMA_SLOW=618.83881902, volume/avg=20.11. LONG нет: рост -0.25% < порога 0.80%; нет EMA-тренда вверх; RSI 30.3 вне диапазона LONG 50.0-72.0. SHORT нет: падение -0.25% слабее порога -0.80%
2026-04-15 18:32:11,786 ИНФО PUFFERUSDT: позиция не открыта. цена=0.0269, change=-0.19%, RSI=51.6, EMA_FAST=0.02693840, EMA_SLOW=0.02688488, volume/avg=1.68. LONG нет: рост -0.19% < порога 0.80%; нет EMA-тренда вверх. SHORT нет: падение -0.19% слабее порога -0.80%; нет EMA-тренда вниз; RSI 51.6 выше SHORT-порога 45.0
2026-04-15 18:32:12,201 ИНФО QUICKUSDT: позиция не открыта. цена=0.01165, change=0.34%, RSI=71.3, EMA_FAST=0.01162562, EMA_SLOW=0.01156747, volume/avg=0.80. LONG нет: рост 0.34% < порога 0.80%; объем 0.80 < порога 1.50. SHORT нет: падение 0.34% слабее порога -0.80%; нет EMA-тренда вниз; объем 0.80 < порога 1.50; RSI 71.3 выше SHORT-порога 45.0
2026-04-15 18:32:12,615 ИНФО LRCUSDT: позиция не открыта. цена=0.01702, change=0.06%, RSI=52.7, EMA_FAST=0.01700974, EMA_SLOW=0.01700753, volume/avg=1.49. LONG нет: рост 0.06% < порога 0.80%; объем 1.49 < порога 1.50. SHORT нет: падение 0.06% слабее порога -0.80%; нет EMA-тренда вниз; объем 1.49 < порога 1.50; RSI 52.7 выше SHORT-порога 45.0
2026-04-15 18:32:13,029 ИНФО MYROUSDT: позиция не открыта. цена=0.00379, change=0.00%, RSI=59.9, EMA_FAST=0.00378755, EMA_SLOW=0.00378502, volume/avg=0.90. LONG нет: рост 0.00% < порога 0.80%; объем 0.90 < порога 1.50. SHORT нет: падение 0.00% слабее порога -0.80%; нет EMA-тренда вниз; объем 0.90 < порога 1.50; RSI 59.9 выше SHORT-порога 45.0
2026-04-15 18:32:13,444 ИНФО ARIAUSDT: найден сигнал OPEN_SHORT. цена=0.1049, change=-7.09%, RSI=21.3, EMA_FAST=0.10985118, EMA_SLOW=0.11150725, volume/avg=4.00. Причина: импульс вниз -7.09%, RSI=21.3, объем/средний=4.00, EMA тренд вниз
2026-04-15 18:32:13,858 ИНФО FORTHUSDT: позиция не открыта. цена=0.273, change=0.37%, RSI=54.8, EMA_FAST=0.27255812, EMA_SLOW=0.27244839, volume/avg=0.99. LONG нет: рост 0.37% < порога 0.80%; объем 0.99 < порога 1.50. SHORT нет: падение 0.37% слабее порога -0.80%; нет EMA-тренда вниз; объем 0.99 < порога 1.50; RSI 54.8 выше SHORT-порога 45.0
2026-04-15 18:32:14,273 ИНФО BIDUSDT: позиция не открыта. цена=0.00878, change=0.00%, RSI=49.3, EMA_FAST=0.00878309, EMA_SLOW=0.00878236, volume/avg=1.03. LONG нет: рост 0.00% < порога 0.80%; нет EMA-тренда вверх; объем 1.03 < порога 1.50; RSI 49.3 вне диапазона LONG 50.0-72.0. SHORT нет: падение 0.00% слабее порога -0.80%; нет EMA-тренда вниз; объем 1.03 < порога 1.50; RSI 49.3 выше SHORT-порога 45.0
2026-04-15 18:32:14,693 ИНФО VOXELUSDT: позиция не открыта. цена=0.01299, change=0.00%, RSI=52.8, EMA_FAST=0.01298893, EMA_SLOW=0.01298587, volume/avg=1.01. LONG нет: рост 0.00% < порога 0.80%; объем 1.01 < порога 1.50. SHORT нет: падение 0.00% слабее порога -0.80%; нет EMA-тренда вниз; объем 1.01 < порога 1.50; RSI 52.8 выше SHORT-порога 45.0
2026-04-15 18:32:15,108 ИНФО GHSTUSDT: позиция не открыта. цена=0.1043, change=0.00%, RSI=47.7, EMA_FAST=0.10430058, EMA_SLOW=0.10431578, volume/avg=0.93. LONG нет: рост 0.00% < порога 0.80%; нет EMA-тренда вверх; объем 0.93 < порога 1.50; RSI 47.7 вне диапазона LONG 50.0-72.0. SHORT нет: падение 0.00% слабее порога -0.80%; объем 0.93 < порога 1.50; RSI 47.7 выше SHORT-порога 45.0
2026-04-15 18:32:15,855 ИНФО DMCUSDT: позиция не открыта. цена=0.001155, change=0.00%, RSI=100.0, EMA_FAST=0.00115500, EMA_SLOW=0.00115500, volume/avg=1.25. LONG нет: рост 0.00% < порога 0.80%; нет EMA-тренда вверх; объем 1.25 < порога 1.50; RSI 100.0 вне диапазона LONG 50.0-72.0. SHORT нет: падение 0.00% слабее порога -0.80%; нет EMA-тренда вниз; объем 1.25 < порога 1.50; RSI 100.0 выше SHORT-порога 45.0
2026-04-15 18:32:16,271 ИНФО FISUSDT: позиция не открыта. цена=0.01877, change=0.05%, RSI=61.0, EMA_FAST=0.01876626, EMA_SLOW=0.01876419, volume/avg=1.18. LONG нет: рост 0.05% < порога 0.80%; объем 1.18 < порога 1.50. SHORT нет: падение 0.05% слабее порога -0.80%; нет EMA-тренда вниз; объем 1.18 < порога 1.50; RSI 61.0 выше SHORT-порога 45.0
2026-04-15 18:32:16,687 ИНФО RAVEUSDT: позиция не открыта. цена=11.71629, change=-0.69%, RSI=42.3, EMA_FAST=11.72823110, EMA_SLOW=11.81748576, volume/avg=1.25. LONG нет: рост -0.69% < порога 0.80%; нет EMA-тренда вверх; объем 1.25 < порога 1.50; RSI 42.3 вне диапазона LONG 50.0-72.0. SHORT нет: падение -0.69% слабее порога -0.80%; объем 1.25 < порога 1.50
2026-04-15 18:32:17,103 ИНФО CUDISUSDT: позиция не открыта. цена=0.00842, change=0.00%, RSI=54.2, EMA_FAST=0.00841827, EMA_SLOW=0.00841583, volume/avg=1.04. LONG нет: рост 0.00% < порога 0.80%; объем 1.04 < порога 1.50. SHORT нет: падение 0.00% слабее порога -0.80%; нет EMA-тренда вниз; объем 1.04 < порога 1.50; RSI 54.2 выше SHORT-порога 45.0
2026-04-15 18:32:17,521 ИНФО APRUSDT: позиция не открыта. цена=0.23326, change=0.22%, RSI=53.9, EMA_FAST=0.23305168, EMA_SLOW=0.23269347, volume/avg=0.00. LONG нет: рост 0.22% < порога 0.80%; объем 0.00 < порога 1.50. SHORT нет: падение 0.22% слабее порога -0.80%; нет EMA-тренда вниз; объем 0.00 < порога 1.50; RSI 53.9 выше SHORT-порога 45.0
2026-04-15 18:32:17,602 ИНФО Найдено сигналов: открыть=1 закрыть=0
2026-04-15 18:32:18,291 ИНФО ARIAUSDT: тип маржи установлен ISOLATED.
2026-04-15 18:32:18,630 ИНФО ARIAUSDT: плечо установлено x3.
2026-04-15 18:32:18,975 ИНФО OPEN_SHORT ARIAUSDT: qty=571, notional=59.89 USDT, маржа=19.96 USDT, x3. Причина: импульс вниз -7.09%, RSI=21.3, объем/средний=4.00, EMA тренд вниз
2026-04-15 18:35:21,377 ИНФО Сканирование futures-символов: 20. Открытых позиций: 1
2026-04-15 18:35:21,378 ИНФО Монеты текущего скана: BTCUSDT, ETHUSDT, DOGEUSDT, BCHUSDT, XRPUSDT, BNBUSDT, PUFFERUSDT, QUICKUSDT, LRCUSDT, MYROUSDT, ARIAUSDT, FORTHUSDT, BIDUSDT, VOXELUSDT, GHSTUSDT, DMCUSDT, FISUSDT, RAVEUSDT, CUDISUSDT, APRUSDT
2026-04-15 18:35:21,710 ИНФО BTCUSDT: позиция не открыта. цена=74176.0, change=-0.14%, RSI=34.9, EMA_FAST=74234.14372306, EMA_SLOW=74245.09608786, volume/avg=0.56. LONG нет: рост -0.14% < порога 0.80%; нет EMA-тренда вверх; объем 0.56 < порога 1.50; RSI 34.9 вне диапазона LONG 50.0-72.0. SHORT нет: падение -0.14% слабее порога -0.80%; объем 0.56 < порога 1.50
2026-04-15 18:35:22,124 ИНФО ETHUSDT: позиция не открыта. цена=2329.93, change=-0.11%, RSI=50.6, EMA_FAST=2329.08967042, EMA_SLOW=2329.49879988, volume/avg=0.00. LONG нет: рост -0.11% < порога 0.80%; нет EMA-тренда вверх; объем 0.00 < порога 1.50. SHORT нет: падение -0.11% слабее порога -0.80%; нет EMA-тренда вниз; объем 0.00 < порога 1.50; RSI 50.6 выше SHORT-порога 45.0
2026-04-15 18:35:22,537 ИНФО DOGEUSDT: позиция не открыта. цена=0.09332, change=-0.21%, RSI=44.1, EMA_FAST=0.09337571, EMA_SLOW=0.09340267, volume/avg=0.01. LONG нет: рост -0.21% < порога 0.80%; нет EMA-тренда вверх; объем 0.01 < порога 1.50; RSI 44.1 вне диапазона LONG 50.0-72.0. SHORT нет: падение -0.21% слабее порога -0.80%; объем 0.01 < порога 1.50
2026-04-15 18:35:22,949 ИНФО BCHUSDT: позиция не открыта. цена=433.75, change=-0.12%, RSI=45.0, EMA_FAST=433.79096715, EMA_SLOW=433.92186052, volume/avg=0.00. LONG нет: рост -0.12% < порога 0.80%; нет EMA-тренда вверх; объем 0.00 < порога 1.50; RSI 45.0 вне диапазона LONG 50.0-72.0. SHORT нет: падение -0.12% слабее порога -0.80%; объем 0.00 < порога 1.50
2026-04-15 18:35:23,362 ИНФО XRPUSDT: позиция не открыта. цена=1.3645, change=-0.17%, RSI=47.0, EMA_FAST=1.36526865, EMA_SLOW=1.36512315, volume/avg=1.53. LONG нет: рост -0.17% < порога 0.80%; нет EMA-тренда вверх; RSI 47.0 вне диапазона LONG 50.0-72.0. SHORT нет: падение -0.17% слабее порога -0.80%; нет EMA-тренда вниз; RSI 47.0 выше SHORT-порога 45.0
2026-04-15 18:35:23,775 ИНФО BNBUSDT: позиция не открыта. цена=617.77, change=-0.26%, RSI=33.7, EMA_FAST=618.37061652, EMA_SLOW=618.60073390, volume/avg=0.34. LONG нет: рост -0.26% < порога 0.80%; нет EMA-тренда вверх; объем 0.34 < порога 1.50; RSI 33.7 вне диапазона LONG 50.0-72.0. SHORT нет: падение -0.26% слабее порога -0.80%; объем 0.34 < порога 1.50
2026-04-15 18:35:24,188 ИНФО PUFFERUSDT: позиция не открыта. цена=0.02681, change=-0.59%, RSI=48.6, EMA_FAST=0.02688374, EMA_SLOW=0.02687082, volume/avg=0.44. LONG нет: рост -0.59% < порога 0.80%; нет EMA-тренда вверх; объем 0.44 < порога 1.50; RSI 48.6 вне диапазона LONG 50.0-72.0. SHORT нет: падение -0.59% слабее порога -0.80%; нет EMA-тренда вниз; объем 0.44 < порога 1.50; RSI 48.6 выше SHORT-порога 45.0
2026-04-15 18:35:24,602 ИНФО QUICKUSDT: позиция не открыта. цена=0.01165, change=-0.09%, RSI=69.8, EMA_FAST=0.01163624, EMA_SLOW=0.01158724, volume/avg=0.91. LONG нет: рост -0.09% < порога 0.80%; объем 0.91 < порога 1.50. SHORT нет: падение -0.09% слабее порога -0.80%; нет EMA-тренда вниз; объем 0.91 < порога 1.50; RSI 69.8 выше SHORT-порога 45.0
2026-04-15 18:35:25,014 ИНФО LRCUSDT: позиция не открыта. цена=0.01699, change=-0.06%, RSI=47.3, EMA_FAST=0.01700299, EMA_SLOW=0.01700475, volume/avg=1.01. LONG нет: рост -0.06% < порога 0.80%; нет EMA-тренда вверх; объем 1.01 < порога 1.50; RSI 47.3 вне диапазона LONG 50.0-72.0. SHORT нет: падение -0.06% слабее порога -0.80%; объем 1.01 < порога 1.50; RSI 47.3 выше SHORT-порога 45.0
2026-04-15 18:35:25,439 ИНФО MYROUSDT: позиция не открыта. цена=0.00379, change=0.00%, RSI=59.8, EMA_FAST=0.00378875, EMA_SLOW=0.00378626, volume/avg=1.03. LONG нет: рост 0.00% < порога 0.80%; объем 1.03 < порога 1.50. SHORT нет: падение 0.00% слабее порога -0.80%; нет EMA-тренда вниз; объем 1.03 < порога 1.50; RSI 59.8 выше SHORT-порога 45.0
2026-04-15 18:35:25,852 ИНФО ARIAUSDT: позиция SHORT удерживается. Stop/take не сработал, противоположного сигнала нет. цена=0.1077, change=-4.52%, RSI=36.5, EMA_FAST=0.10861100, EMA_SLOW=0.11045197, volume/avg=1.50. LONG нет: рост -4.52% < порога 0.80%; нет EMA-тренда вверх; объем 1.50 < порога 1.50; RSI 36.5 вне диапазона LONG 50.0-72.0. SHORT нет: объем 1.50 < порога 1.50
2026-04-15 18:35:26,264 ИНФО FORTHUSDT: позиция не открыта. цена=0.272, change=0.00%, RSI=45.8, EMA_FAST=0.27257376, EMA_SLOW=0.27249468, volume/avg=1.01. LONG нет: рост 0.00% < порога 0.80%; нет EMA-тренда вверх; объем 1.01 < порога 1.50; RSI 45.8 вне диапазона LONG 50.0-72.0. SHORT нет: падение 0.00% слабее порога -0.80%; нет EMA-тренда вниз; объем 1.01 < порога 1.50; RSI 45.8 выше SHORT-порога 45.0
2026-04-15 18:35:26,680 ИНФО BIDUSDT: позиция не открыта. цена=0.00878, change=-0.11%, RSI=49.2, EMA_FAST=0.00878286, EMA_SLOW=0.00878252, volume/avg=1.16. LONG нет: рост -0.11% < порога 0.80%; нет EMA-тренда вверх; объем 1.16 < порога 1.50; RSI 49.2 вне диапазона LONG 50.0-72.0. SHORT нет: падение -0.11% слабее порога -0.80%; нет EMA-тренда вниз; объем 1.16 < порога 1.50; RSI 49.2 выше SHORT-порога 45.0
2026-04-15 18:35:27,094 ИНФО VOXELUSDT: позиция не открыта. цена=0.01299, change=0.00%, RSI=53.0, EMA_FAST=0.01298657, EMA_SLOW=0.01298532, volume/avg=1.02. LONG нет: рост 0.00% < порога 0.80%; объем 1.02 < порога 1.50. SHORT нет: падение 0.00% слабее порога -0.80%; нет EMA-тренда вниз; объем 1.02 < порога 1.50; RSI 53.0 выше SHORT-порога 45.0
2026-04-15 18:35:27,512 ИНФО GHSTUSDT: позиция не открыта. цена=0.1043, change=0.00%, RSI=47.7, EMA_FAST=0.10430030, EMA_SLOW=0.10431186, volume/avg=1.00. LONG нет: рост 0.00% < порога 0.80%; нет EMA-тренда вверх; объем 1.00 < порога 1.50; RSI 47.7 вне диапазона LONG 50.0-72.0. SHORT нет: падение 0.00% слабее порога -0.80%; объем 1.00 < порога 1.50; RSI 47.7 выше SHORT-порога 45.0
2026-04-15 18:35:27,924 ИНФО DMCUSDT: позиция не открыта. цена=0.001155, change=0.00%, RSI=100.0, EMA_FAST=0.00115500, EMA_SLOW=0.00115500, volume/avg=1.25. LONG нет: рост 0.00% < порога 0.80%; нет EMA-тренда вверх; объем 1.25 < порога 1.50; RSI 100.0 вне диапазона LONG 50.0-72.0. SHORT нет: падение 0.00% слабее порога -0.80%; нет EMA-тренда вниз; объем 1.25 < порога 1.50; RSI 100.0 выше SHORT-порога 45.0
2026-04-15 18:35:28,337 ИНФО FISUSDT: позиция не открыта. цена=0.01877, change=0.00%, RSI=57.0, EMA_FAST=0.01876680, EMA_SLOW=0.01876488, volume/avg=1.16. LONG нет: рост 0.00% < порога 0.80%; объем 1.16 < порога 1.50. SHORT нет: падение 0.00% слабее порога -0.80%; нет EMA-тренда вниз; объем 1.16 < порога 1.50; RSI 57.0 выше SHORT-порога 45.0
2026-04-15 18:35:28,749 ИНФО RAVEUSDT: найден сигнал OPEN_SHORT. цена=11.3236, change=-2.80%, RSI=28.5, EMA_FAST=11.56146904, EMA_SLOW=11.71160921, volume/avg=1.69. Причина: импульс вниз -2.80%, RSI=28.5, объем/средний=1.69, EMA тренд вниз
2026-04-15 18:35:29,160 ИНФО CUDISUSDT: позиция не открыта. цена=0.00841, change=-0.12%, RSI=46.9, EMA_FAST=0.00841584, EMA_SLOW=0.00841521, volume/avg=1.08. LONG нет: рост -0.12% < порога 0.80%; нет EMA-тренда вверх; объем 1.08 < порога 1.50; RSI 46.9 вне диапазона LONG 50.0-72.0. SHORT нет: падение -0.12% слабее порога -0.80%; нет EMA-тренда вниз; объем 1.08 < порога 1.50; RSI 46.9 выше SHORT-порога 45.0
2026-04-15 18:35:29,576 ИНФО APRUSDT: позиция не открыта. цена=0.23426, change=0.30%, RSI=60.2, EMA_FAST=0.23344646, EMA_SLOW=0.23297200, volume/avg=0.00. LONG нет: рост 0.30% < порога 0.80%; объем 0.00 < порога 1.50. SHORT нет: падение 0.30% слабее порога -0.80%; нет EMA-тренда вниз; объем 0.00 < порога 1.50; RSI 60.2 выше SHORT-порога 45.0
2026-04-15 18:35:29,656 ИНФО Найдено сигналов: открыть=1 закрыть=0
2026-04-15 18:35:30,323 ИНФО RAVEUSDT: тип маржи установлен ISOLATED.
2026-04-15 18:35:30,660 ИНФО RAVEUSDT: плечо установлено x3.
2026-04-15 18:35:30,994 ИНФО OPEN_SHORT RAVEUSDT: qty=5, notional=56.61 USDT, маржа=18.87 USDT, x3. Причина: импульс вниз -2.80%, RSI=28.5, объем/средний=1.69, EMA тренд вниз
2026-04-15 18:38:32,135 ИНФО Сканирование futures-символов: 20. Открытых позиций: 2
2026-04-15 18:38:32,135 ИНФО Монеты текущего скана: BTCUSDT, ETHUSDT, DOGEUSDT, BCHUSDT, XRPUSDT, BNBUSDT, PUFFERUSDT, QUICKUSDT, LRCUSDT, MYROUSDT, ARIAUSDT, FORTHUSDT, BIDUSDT, VOXELUSDT, GHSTUSDT, DMCUSDT, FISUSDT, RAVEUSDT, CUDISUSDT, APRUSDT
2026-04-15 18:38:32,465 ИНФО BTCUSDT: позиция не открыта. цена=74168.6, change=-0.15%, RSI=36.1, EMA_FAST=74206.02078632, EMA_SLOW=74228.35254725, volume/avg=0.13. LONG нет: рост -0.15% < порога 0.80%; нет EMA-тренда вверх; объем 0.13 < порога 1.50; RSI 36.1 вне диапазона LONG 50.0-72.0. SHORT нет: падение -0.15% слабее порога -0.80%; объем 0.13 < порога 1.50
2026-04-15 18:38:32,874 ИНФО ETHUSDT: позиция не открыта. цена=2324.0, change=-0.06%, RSI=36.1, EMA_FAST=2327.73327126, EMA_SLOW=2328.76906689, volume/avg=2.96. LONG нет: рост -0.06% < порога 0.80%; нет EMA-тренда вверх; RSI 36.1 вне диапазона LONG 50.0-72.0. SHORT нет: падение -0.06% слабее порога -0.80%
2026-04-15 18:38:33,283 ИНФО DOGEUSDT: позиция не открыта. цена=0.09334, change=0.16%, RSI=45.5, EMA_FAST=0.09335828, EMA_SLOW=0.09338709, volume/avg=0.02. LONG нет: рост 0.16% < порога 0.80%; нет EMA-тренда вверх; объем 0.02 < порога 1.50; RSI 45.5 вне диапазона LONG 50.0-72.0. SHORT нет: падение 0.16% слабее порога -0.80%; объем 0.02 < порога 1.50; RSI 45.5 выше SHORT-порога 45.0
2026-04-15 18:38:33,694 ИНФО BCHUSDT: позиция не открыта. цена=433.25, change=0.00%, RSI=36.3, EMA_FAST=433.65913518, EMA_SLOW=433.82722889, volume/avg=4.13. LONG нет: рост 0.00% < порога 0.80%; нет EMA-тренда вверх; RSI 36.3 вне диапазона LONG 50.0-72.0. SHORT нет: падение 0.00% слабее порога -0.80%
2026-04-15 18:38:34,104 ИНФО XRPUSDT: позиция не открыта. цена=1.3637, change=0.01%, RSI=43.0, EMA_FAST=1.36479755, EMA_SLOW=1.36492861, volume/avg=0.82. LONG нет: рост 0.01% < порога 0.80%; нет EMA-тренда вверх; объем 0.82 < порога 1.50; RSI 43.0 вне диапазона LONG 50.0-72.0. SHORT нет: падение 0.01% слабее порога -0.80%; объем 0.82 < порога 1.50
2026-04-15 18:38:34,513 ИНФО BNBUSDT: позиция не открыта. цена=617.54, change=-0.04%, RSI=31.4, EMA_FAST=618.02223566, EMA_SLOW=618.36793518, volume/avg=0.18. LONG нет: рост -0.04% < порога 0.80%; нет EMA-тренда вверх; объем 0.18 < порога 1.50; RSI 31.4 вне диапазона LONG 50.0-72.0. SHORT нет: падение -0.04% слабее порога -0.80%; объем 0.18 < порога 1.50
2026-04-15 18:38:34,924 ИНФО PUFFERUSDT: позиция не открыта. цена=0.02682, change=-0.15%, RSI=49.0, EMA_FAST=0.02685263, EMA_SLOW=0.02685819, volume/avg=0.00. LONG нет: рост -0.15% < порога 0.80%; нет EMA-тренда вверх; объем 0.00 < порога 1.50; RSI 49.0 вне диапазона LONG 50.0-72.0. SHORT нет: падение -0.15% слабее порога -0.80%; объем 0.00 < порога 1.50; RSI 49.0 выше SHORT-порога 45.0
2026-04-15 18:38:35,336 ИНФО QUICKUSDT: позиция не открыта. цена=0.01165, change=0.09%, RSI=64.5, EMA_FAST=0.01164775, EMA_SLOW=0.01160533, volume/avg=0.80. LONG нет: рост 0.09% < порога 0.80%; объем 0.80 < порога 1.50. SHORT нет: падение 0.09% слабее порога -0.80%; нет EMA-тренда вниз; объем 0.80 < порога 1.50; RSI 64.5 выше SHORT-порога 45.0
2026-04-15 18:38:36,161 ИНФО LRCUSDT: позиция не открыта. цена=0.0169, change=-0.59%, RSI=34.4, EMA_FAST=0.01695913, EMA_SLOW=0.01698245, volume/avg=0.74. LONG нет: рост -0.59% < порога 0.80%; нет EMA-тренда вверх; объем 0.74 < порога 1.50; RSI 34.4 вне диапазона LONG 50.0-72.0. SHORT нет: падение -0.59% слабее порога -0.80%; объем 0.74 < порога 1.50
2026-04-15 18:38:36,573 ИНФО MYROUSDT: позиция не открыта. цена=0.00378, change=-0.26%, RSI=39.5, EMA_FAST=0.00378736, EMA_SLOW=0.00378628, volume/avg=0.43. LONG нет: рост -0.26% < порога 0.80%; нет EMA-тренда вверх; объем 0.43 < порога 1.50; RSI 39.5 вне диапазона LONG 50.0-72.0. SHORT нет: падение -0.26% слабее порога -0.80%; нет EMA-тренда вниз; объем 0.43 < порога 1.50
2026-04-15 18:38:36,982 ИНФО ARIAUSDT: позиция SHORT удерживается. Stop/take не сработал, противоположного сигнала нет. цена=0.1069, change=0.28%, RSI=35.7, EMA_FAST=0.10770659, EMA_SLOW=0.10952797, volume/avg=0.04. LONG нет: рост 0.28% < порога 0.80%; нет EMA-тренда вверх; объем 0.04 < порога 1.50; RSI 35.7 вне диапазона LONG 50.0-72.0. SHORT нет: падение 0.28% слабее порога -0.80%; объем 0.04 < порога 1.50
2026-04-15 18:38:37,391 ИНФО FORTHUSDT: позиция не открыта. цена=0.273, change=0.00%, RSI=55.1, EMA_FAST=0.27249376, EMA_SLOW=0.27246239, volume/avg=1.11. LONG нет: рост 0.00% < порога 0.80%; объем 1.11 < порога 1.50. SHORT нет: падение 0.00% слабее порога -0.80%; нет EMA-тренда вниз; объем 1.11 < порога 1.50; RSI 55.1 выше SHORT-порога 45.0
2026-04-15 18:38:37,800 ИНФО BIDUSDT: позиция не открыта. цена=0.00879, change=0.00%, RSI=53.9, EMA_FAST=0.00878507, EMA_SLOW=0.00878363, volume/avg=1.01. LONG нет: рост 0.00% < порога 0.80%; объем 1.01 < порога 1.50. SHORT нет: падение 0.00% слабее порога -0.80%; нет EMA-тренда вниз; объем 1.01 < порога 1.50; RSI 53.9 выше SHORT-порога 45.0
2026-04-15 18:38:38,210 ИНФО VOXELUSDT: позиция не открыта. цена=0.01299, change=0.08%, RSI=52.8, EMA_FAST=0.01298664, EMA_SLOW=0.01298566, volume/avg=1.10. LONG нет: рост 0.08% < порога 0.80%; объем 1.10 < порога 1.50. SHORT нет: падение 0.08% слабее порога -0.80%; нет EMA-тренда вниз; объем 1.10 < порога 1.50; RSI 52.8 выше SHORT-порога 45.0
2026-04-15 18:38:38,631 ИНФО GHSTUSDT: позиция не открыта. цена=0.1043, change=0.00%, RSI=47.7, EMA_FAST=0.10430015, EMA_SLOW=0.10430891, volume/avg=1.09. LONG нет: рост 0.00% < порога 0.80%; нет EMA-тренда вверх; объем 1.09 < порога 1.50; RSI 47.7 вне диапазона LONG 50.0-72.0. SHORT нет: падение 0.00% слабее порога -0.80%; объем 1.09 < порога 1.50; RSI 47.7 выше SHORT-порога 45.0
2026-04-15 18:38:39,041 ИНФО DMCUSDT: позиция не открыта. цена=0.001155, change=0.00%, RSI=100.0, EMA_FAST=0.00115500, EMA_SLOW=0.00115500, volume/avg=1.11. LONG нет: рост 0.00% < порога 0.80%; нет EMA-тренда вверх; объем 1.11 < порога 1.50; RSI 100.0 вне диапазона LONG 50.0-72.0. SHORT нет: падение 0.00% слабее порога -0.80%; нет EMA-тренда вниз; объем 1.11 < порога 1.50; RSI 100.0 выше SHORT-порога 45.0
2026-04-15 18:38:39,450 ИНФО FISUSDT: позиция не открыта. цена=0.01877, change=0.05%, RSI=57.0, EMA_FAST=0.01876836, EMA_SLOW=0.01876615, volume/avg=1.06. LONG нет: рост 0.05% < порога 0.80%; объем 1.06 < порога 1.50. SHORT нет: падение 0.05% слабее порога -0.80%; нет EMA-тренда вниз; объем 1.06 < порога 1.50; RSI 57.0 выше SHORT-порога 45.0
2026-04-15 18:38:39,860 ИНФО RAVEUSDT: позиция SHORT удерживается. Stop/take не сработал, противоположного сигнала нет. цена=11.51132, change=0.62%, RSI=40.2, EMA_FAST=11.52148623, EMA_SLOW=11.65329553, volume/avg=0.13. LONG нет: рост 0.62% < порога 0.80%; нет EMA-тренда вверх; объем 0.13 < порога 1.50; RSI 40.2 вне диапазона LONG 50.0-72.0. SHORT нет: падение 0.62% слабее порога -0.80%; объем 0.13 < порога 1.50
2026-04-15 18:38:40,270 ИНФО CUDISUSDT: позиция не открыта. цена=0.00841, change=0.00%, RSI=46.8, EMA_FAST=0.00841587, EMA_SLOW=0.00841549, volume/avg=1.03. LONG нет: рост 0.00% < порога 0.80%; нет EMA-тренда вверх; объем 1.03 < порога 1.50; RSI 46.8 вне диапазона LONG 50.0-72.0. SHORT нет: падение 0.00% слабее порога -0.80%; нет EMA-тренда вниз; объем 1.03 < порога 1.50; RSI 46.8 выше SHORT-порога 45.0
2026-04-15 18:38:40,680 ИНФО APRUSDT: позиция не открыта. цена=0.234, change=0.36%, RSI=57.9, EMA_FAST=0.23371659, EMA_SLOW=0.23322797, volume/avg=0.00. LONG нет: рост 0.36% < порога 0.80%; объем 0.00 < порога 1.50. SHORT нет: падение 0.36% слабее порога -0.80%; нет EMA-тренда вниз; объем 0.00 < порога 1.50; RSI 57.9 выше SHORT-порога 45.0
2026-04-15 18:38:40,760 ИНФО Найдено сигналов: открыть=0 закрыть=0
2026-04-15 18:38:40,761 ИНФО Позиция не открыта: ни один символ не прошел полный набор условий стратегии.
2026-04-15 18:40:58,106 ИНФО Получен сигнал остановки. Завершаю текущий шаг.
2026-04-15 18:40:58,810 ИНФО Бот остановлен.
